# JRE version: Java(TM) SE Runtime Environment (8.0_101-b13) (build 1.8.0_101-b13)
# Java VM: Java HotSpot(TM) 64-Bit Server VM (25.101-b13 mixed mode windows-amd64 compressed oops)
Heap:
 PSYoungGen      total 352256K, used 241221K [0x0000000780900000, 0x0000000797e80000, 0x00000007c0000000)
  eden space 339968K, 70% used [0x0000000780900000,0x000000078f491568,0x0000000795500000)
  from space 12288K, 0% used [0x0000000797280000,0x0000000797280000,0x0000000797e80000)
  to   space 19456K, 0% used [0x0000000795880000,0x0000000795880000,0x0000000796b80000)
 ParOldGen       total 155648K, used 25561K [0x0000000701a00000, 0x000000070b200000, 0x0000000780900000)
  object space 155648K, 16% used [0x0000000701a00000,0x00000007032f6518,0x000000070b200000)
 Metaspace       used 64176K, capacity 67705K, committed 67888K, reserved 1107968K
  class space    used 8555K, capacity 9168K, committed 9264K, reserved 1048576K
GC Heap History (10 events):
Event: 6.118 GC heap before
{Heap before GC invocations=9 (full 1):
 PSYoungGen      total 205312K, used 78663K [0x0000000780900000, 0x0000000792880000, 0x00000007c0000000)
  eden space 195584K, 35% used [0x0000000780900000,0x0000000784c57660,0x000000078c800000)
  from space 9728K, 99% used [0x000000078c800000,0x000000078d17a690,0x000000078d180000)
  to   space 11776K, 0% used [0x0000000791d00000,0x0000000791d00000,0x0000000792880000)
 ParOldGen       total 72704K, used 9577K [0x0000000701a00000, 0x0000000706100000, 0x0000000780900000)
  object space 72704K, 13% used [0x0000000701a00000,0x000000070235a538,0x0000000706100000)
 Metaspace       used 33340K, capacity 35477K, committed 35496K, reserved 1079296K
  class space    used 4493K, capacity 4907K, committed 4912K, reserved 1048576K
Event: 6.137 GC heap after
Heap after GC invocations=9 (full 1):
 PSYoungGen      total 280576K, used 11761K [0x0000000780900000, 0x0000000795b80000, 0x00000007c0000000)
  eden space 268800K, 0% used [0x0000000780900000,0x0000000780900000,0x0000000790f80000)
  from space 11776K, 99% used [0x0000000791d00000,0x000000079287c798,0x0000000792880000)
  to   space 13824K, 0% used [0x0000000790f80000,0x0000000790f80000,0x0000000791d00000)
 ParOldGen       total 72704K, used 11223K [0x0000000701a00000, 0x0000000706100000, 0x0000000780900000)
  object space 72704K, 15% used [0x0000000701a00000,0x00000007024f5f18,0x0000000706100000)
 Metaspace       used 33340K, capacity 35477K, committed 35496K, reserved 1079296K
  class space    used 4493K, capacity 4907K, committed 4912K, reserved 1048576K
}
Event: 6.137 GC heap before
{Heap before GC invocations=10 (full 2):
 PSYoungGen      total 280576K, used 11761K [0x0000000780900000, 0x0000000795b80000, 0x00000007c0000000)
  eden space 268800K, 0% used [0x0000000780900000,0x0000000780900000,0x0000000790f80000)
  from space 11776K, 99% used [0x0000000791d00000,0x000000079287c798,0x0000000792880000)
  to   space 13824K, 0% used [0x0000000790f80000,0x0000000790f80000,0x0000000791d00000)
 ParOldGen       total 72704K, used 11223K [0x0000000701a00000, 0x0000000706100000, 0x0000000780900000)
  object space 72704K, 15% used [0x0000000701a00000,0x00000007024f5f18,0x0000000706100000)
 Metaspace       used 33340K, capacity 35477K, committed 35496K, reserved 1079296K
  class space    used 4493K, capacity 4907K, committed 4912K, reserved 1048576K
Event: 6.216 GC heap after
Heap after GC invocations=10 (full 2):
 PSYoungGen      total 280576K, used 0K [0x0000000780900000, 0x0000000795b80000, 0x00000007c0000000)
  eden space 268800K, 0% used [0x0000000780900000,0x0000000780900000,0x0000000790f80000)
  from space 11776K, 0% used [0x0000000791d00000,0x0000000791d00000,0x0000000792880000)
  to   space 13824K, 0% used [0x0000000790f80000,0x0000000790f80000,0x0000000791d00000)
 ParOldGen       total 115200K, used 18635K [0x0000000701a00000, 0x0000000708a80000, 0x0000000780900000)
  object space 115200K, 16% used [0x0000000701a00000,0x0000000702c32ed8,0x0000000708a80000)
 Metaspace       used 33340K, capacity 35477K, committed 35496K, reserved 1079296K
  class space    used 4493K, capacity 4907K, committed 4912K, reserved 1048576K
}
Event: 9.094 GC heap before
{Heap before GC invocations=11 (full 2):
 PSYoungGen      total 280576K, used 268800K [0x0000000780900000, 0x0000000795b80000, 0x00000007c0000000)
  eden space 268800K, 100% used [0x0000000780900000,0x0000000790f80000,0x0000000790f80000)
  from space 11776K, 0% used [0x0000000791d00000,0x0000000791d00000,0x0000000792880000)
  to   space 13824K, 0% used [0x0000000790f80000,0x0000000790f80000,0x0000000791d00000)
 ParOldGen       total 115200K, used 18635K [0x0000000701a00000, 0x0000000708a80000, 0x0000000780900000)
  object space 115200K, 16% used [0x0000000701a00000,0x0000000702c32ed8,0x0000000708a80000)
 Metaspace       used 53528K, capacity 56819K, committed 57008K, reserved 1097728K
  class space    used 7490K, capacity 8061K, committed 8112K, reserved 1048576K
Event: 9.131 GC heap after
Heap after GC invocations=11 (full 2):
 PSYoungGen      total 282624K, used 13803K [0x0000000780900000, 0x0000000798600000, 0x00000007c0000000)
  eden space 268800K, 0% used [0x0000000780900000,0x0000000780900000,0x0000000790f80000)
  from space 13824K, 99% used [0x0000000790f80000,0x0000000791cfac18,0x0000000791d00000)
  to   space 19968K, 0% used [0x0000000797280000,0x0000000797280000,0x0000000798600000)
 ParOldGen       total 115200K, used 29915K [0x0000000701a00000, 0x0000000708a80000, 0x0000000780900000)
  object space 115200K, 25% used [0x0000000701a00000,0x0000000703736d78,0x0000000708a80000)
 Metaspace       used 53528K, capacity 56819K, committed 57008K, reserved 1097728K
  class space    used 7490K, capacity 8061K, committed 8112K, reserved 1048576K
}
Event: 28.371 GC heap before
{Heap before GC invocations=12 (full 2):
 PSYoungGen      total 282624K, used 71032K [0x0000000780900000, 0x0000000798600000, 0x00000007c0000000)
  eden space 268800K, 21% used [0x0000000780900000,0x00000007840e3740,0x0000000790f80000)
  from space 13824K, 99% used [0x0000000790f80000,0x0000000791cfac18,0x0000000791d00000)
  to   space 19968K, 0% used [0x0000000797280000,0x0000000797280000,0x0000000798600000)
 ParOldGen       total 115200K, used 29915K [0x0000000701a00000, 0x0000000708a80000, 0x0000000780900000)
  object space 115200K, 25% used [0x0000000701a00000,0x0000000703736d78,0x0000000708a80000)
 Metaspace       used 55808K, capacity 59127K, committed 59160K, reserved 1099776K
  class space    used 7768K, capacity 8345K, committed 8368K, reserved 1048576K
Event: 28.401 GC heap after
Heap after GC invocations=12 (full 2):
 PSYoungGen      total 352256K, used 11825K [0x0000000780900000, 0x0000000797e80000, 0x00000007c0000000)
  eden space 339968K, 0% used [0x0000000780900000,0x0000000780900000,0x0000000795500000)
  from space 12288K, 96% used [0x0000000797280000,0x0000000797e0c438,0x0000000797e80000)
  to   space 19456K, 0% used [0x0000000795880000,0x0000000795880000,0x0000000796b80000)
 ParOldGen       total 115200K, used 29923K [0x0000000701a00000, 0x0000000708a80000, 0x0000000780900000)
  object space 115200K, 25% used [0x0000000701a00000,0x0000000703738d78,0x0000000708a80000)
 Metaspace       used 55808K, capacity 59127K, committed 59160K, reserved 1099776K
  class space    used 7768K, capacity 8345K, committed 8368K, reserved 1048576K
}
Event: 28.401 GC heap before
{Heap before GC invocations=13 (full 3):
 PSYoungGen      total 352256K, used 11825K [0x0000000780900000, 0x0000000797e80000, 0x00000007c0000000)
  eden space 339968K, 0% used [0x0000000780900000,0x0000000780900000,0x0000000795500000)
  from space 12288K, 96% used [0x0000000797280000,0x0000000797e0c438,0x0000000797e80000)
  to   space 19456K, 0% used [0x0000000795880000,0x0000000795880000,0x0000000796b80000)
 ParOldGen       total 115200K, used 29923K [0x0000000701a00000, 0x0000000708a80000, 0x0000000780900000)
  object space 115200K, 25% used [0x0000000701a00000,0x0000000703738d78,0x0000000708a80000)
 Metaspace       used 55808K, capacity 59127K, committed 59160K, reserved 1099776K
  class space    used 7768K, capacity 8345K, committed 8368K, reserved 1048576K
Event: 28.620 GC heap after
Heap after GC invocations=13 (full 3):
 PSYoungGen      total 352256K, used 0K [0x0000000780900000, 0x0000000797e80000, 0x00000007c0000000)
  eden space 339968K, 0% used [0x0000000780900000,0x0000000780900000,0x0000000795500000)
  from space 12288K, 0% used [0x0000000797280000,0x0000000797280000,0x0000000797e80000)
  to   space 19456K, 0% used [0x0000000795880000,0x0000000795880000,0x0000000796b80000)
 ParOldGen       total 155648K, used 25561K [0x0000000701a00000, 0x000000070b200000, 0x0000000780900000)
  object space 155648K, 16% used [0x0000000701a00000,0x00000007032f6518,0x000000070b200000)
 Metaspace       used 55785K, capacity 59091K, committed 59160K, reserved 1099776K
  class space    used 7765K, capacity 8339K, committed 8368K, reserved 1048576K
}

